<?xml version="1.0" encoding="UTF-8"?>
<!-- Generated by org.testng.reporters.JUnitReportReporter -->
<testsuite hostname="DESKTOP-EDKNOOU" failures="0" tests="4" name="api.test.UserTests2" time="6.199" errors="0" timestamp="2022-10-30T13:18:50 EDT" skipped="0">
  <testcase classname="api.test.UserTests2" name="testPostUser" time="5.179"/>
  <system-out/>
  <testcase classname="api.test.UserTests2" name="testGetUserByName" time="0.334"/>
  <system-out/>
  <testcase classname="api.test.UserTests2" name="testUpdateUserByName" time="0.475"/>
  <system-out/>
  <testcase classname="api.test.UserTests2" name="testDeleteUserByName" time="0.211"/>
  <system-out/>
</testsuite> <!-- api.test.UserTests2 -->
